<?xml version="1.0" encoding="UTF-8"?>
<!-- Generated by org.testng.reporters.JUnitXMLReporter -->
<testsuite ignored="0" hostname="DESKTOP-HBQTH60" failures="0" tests="6" name="Default test" time="37.818" errors="0" timestamp="2025-05-25T20:14:42 IST">
  <testcase classname="com.testsuites.LoginSuite" name="TC_SLF_001" time="3.851"/>
  <testcase classname="com.testsuites.LoginSuite" name="TC_SLF_002" time="1.732"/>
  <testcase classname="com.testsuites.LoginSuite" name="TC_SLF_003" time="1.197"/>
  <testcase classname="com.testsuites.LoginSuite" name="TC_SLF_004" time="1.328"/>
  <testcase classname="com.testsuites.LoginSuite" name="TC_SLF_005" time="1.251"/>
  <testcase classname="com.testsuites.LoginSuite" name="TC_SLF_006" time="5.237"/>
</testsuite> <!-- Default test -->
