<?xml version="1.0" encoding="UTF-8"?>
<testng-results ignored="0" total="1" passed="1" failed="0" skipped="0">
  <reporter-output>
  </reporter-output>
  <suite started-at="2025-05-21T17:41:41 IST" name="Suite" finished-at="2025-05-21T17:41:58 IST" duration-ms="16974">
    <groups>
    </groups>
    <test started-at="2025-05-21T17:41:41 IST" name="Test" finished-at="2025-05-21T17:41:58 IST" duration-ms="16974">
      <class name="com.testsuites.LoginSuite_SuperAdmin">
        <test-method is-config="true" signature="setUp()[pri:0, instance:com.testsuites.LoginSuite_SuperAdmin@333291e3]" started-at="2025-05-21T17:41:41 IST" name="setUp" finished-at="2025-05-21T17:41:48 IST" duration-ms="7291" status="PASS">
          <reporter-output>
          </reporter-output>
        </test-method> <!-- setUp -->
        <test-method signature="TC_SLF_001()[pri:0, instance:com.testsuites.LoginSuite_SuperAdmin@333291e3]" started-at="2025-05-21T17:41:48 IST" name="TC_SLF_001" description="Verify that the user can successfully log in with valid credentials (correct username and password)." finished-at="2025-05-21T17:41:57 IST" duration-ms="8883" status="PASS">
          <reporter-output>
          </reporter-output>
        </test-method> <!-- TC_SLF_001 -->
        <test-method is-config="true" signature="tearDown()[pri:0, instance:com.testsuites.LoginSuite_SuperAdmin@333291e3]" started-at="2025-05-21T17:41:57 IST" name="tearDown" finished-at="2025-05-21T17:41:58 IST" duration-ms="289" status="PASS">
          <reporter-output>
          </reporter-output>
        </test-method> <!-- tearDown -->
      </class> <!-- com.testsuites.LoginSuite_SuperAdmin -->
    </test> <!-- Test -->
  </suite> <!-- Suite -->
</testng-results>
