<?xml version="1.0" encoding="UTF-8"?>
<testng-results ignored="3" total="5" passed="2" failed="0" skipped="0">
  <reporter-output>
  </reporter-output>
  <suite started-at="2025-05-24T22:42:13 IST" name="Login Suite" finished-at="2025-05-24T22:42:26 IST" duration-ms="12841">
    <groups>
      <group name="Reggression">
        <method signature="LoginSuite.TC_SLF_001()[pri:0, instance:com.testsuites.LoginSuite@63376bed]" name="TC_SLF_001" class="com.testsuites.LoginSuite"/>
      </group> <!-- Reggression -->
      <group name="Regression">
        <method signature="LoginSuite.TC_SLF_002()[pri:0, instance:com.testsuites.LoginSuite@63376bed]" name="TC_SLF_002" class="com.testsuites.LoginSuite"/>
      </group> <!-- Regression -->
      <group name="Smoke">
        <method signature="LoginSuite.TC_SLF_001()[pri:0, instance:com.testsuites.LoginSuite@63376bed]" name="TC_SLF_001" class="com.testsuites.LoginSuite"/>
        <method signature="LoginSuite.TC_SLF_002()[pri:0, instance:com.testsuites.LoginSuite@63376bed]" name="TC_SLF_002" class="com.testsuites.LoginSuite"/>
      </group> <!-- Smoke -->
    </groups>
    <test started-at="2025-05-24T22:42:13 IST" name="Login Functionality" finished-at="2025-05-24T22:42:26 IST" duration-ms="12841">
      <class name="com.testsuites.LoginSuite">
        <test-method is-config="true" signature="setUp()[pri:0, instance:com.testsuites.LoginSuite@63376bed]" started-at="2025-05-24T22:42:14 IST" name="setUp" finished-at="2025-05-24T22:42:18 IST" duration-ms="4019" status="PASS">
          <reporter-output>
          </reporter-output>
        </test-method> <!-- setUp -->
        <test-method signature="TC_SLF_001()[pri:0, instance:com.testsuites.LoginSuite@63376bed]" started-at="2025-05-24T22:42:18 IST" name="TC_SLF_001" description="Verify that the user can successfully log in with valid credentials" finished-at="2025-05-24T22:42:21 IST" duration-ms="3004" status="PASS">
          <reporter-output>
          </reporter-output>
        </test-method> <!-- TC_SLF_001 -->
        <test-method is-config="true" signature="tearDown()[pri:0, instance:com.testsuites.LoginSuite@63376bed]" started-at="2025-05-24T22:42:21 IST" name="tearDown" finished-at="2025-05-24T22:42:21 IST" duration-ms="459" status="PASS">
          <reporter-output>
          </reporter-output>
        </test-method> <!-- tearDown -->
        <test-method is-config="true" signature="setUp()[pri:0, instance:com.testsuites.LoginSuite@63376bed]" started-at="2025-05-24T22:42:21 IST" name="setUp" finished-at="2025-05-24T22:42:24 IST" duration-ms="2442" status="PASS">
          <reporter-output>
          </reporter-output>
        </test-method> <!-- setUp -->
        <test-method signature="TC_SLF_002()[pri:0, instance:com.testsuites.LoginSuite@63376bed]" started-at="2025-05-24T22:42:24 IST" name="TC_SLF_002" description="To verify whether the Super Admin can log in to the application with the invalid credentials, proper error message should be displayed " finished-at="2025-05-24T22:42:25 IST" duration-ms="1335" status="PASS">
          <reporter-output>
          </reporter-output>
        </test-method> <!-- TC_SLF_002 -->
        <test-method is-config="true" signature="tearDown()[pri:0, instance:com.testsuites.LoginSuite@63376bed]" started-at="2025-05-24T22:42:26 IST" name="tearDown" finished-at="2025-05-24T22:42:26 IST" duration-ms="277" status="PASS">
          <reporter-output>
          </reporter-output>
        </test-method> <!-- tearDown -->
      </class> <!-- com.testsuites.LoginSuite -->
    </test> <!-- Login Functionality -->
  </suite> <!-- Login Suite -->
</testng-results>
