<?xml version="1.0" encoding="UTF-8"?>
<!-- Generated by org.testng.reporters.JUnitXMLReporter -->
<testsuite ignored="3" hostname="DESKTOP-HBQTH60" failures="0" tests="2" name="Login Functionality" time="12.841" errors="0" timestamp="2025-05-24T22:42:26 IST">
  <testcase classname="com.testsuites.LoginSuite" name="TC_SLF_001" time="3.004"/>
  <testcase classname="com.testsuites.LoginSuite" name="TC_SLF_002" time="1.335"/>
  <testcase classname="com.testsuites.LoginSuite" name="TC_SLF_003" time="0.0">
    <ignored/>
  </testcase> <!-- TC_SLF_003 -->
  <testcase classname="com.testsuites.LoginSuite" name="TC_SLF_004" time="0.0">
    <ignored/>
  </testcase> <!-- TC_SLF_004 -->
  <testcase classname="com.testsuites.LoginSuite" name="TC_SLF_005" time="0.0">
    <ignored/>
  </testcase> <!-- TC_SLF_005 -->
</testsuite> <!-- Login Functionality -->
